1.000000000000000021e-02 1.000000000000000021e-02 1.000000000000000021e-02 1.000000000000000021e-02 1.000000000000000021e-02 1.000000000000000021e-02 1.000000000000000021e-02 1.000000000000000021e-02 1.000000000000000021e-02
-2.007894284232223381e-01 -2.327344934281585509e+00 -2.327344934278915645e+00 -2.327344934276624588e+00 -2.327344934274914401e+00 -2.327344934273376520e+00 -2.327344934272287169e+00 -2.327344934270576093e+00 -2.327344934271719179e+00
-1.404560145556891015e+01 -3.771730261000971751e+01 -3.771730260997995288e+01 -3.771730260995444439e+01 -3.771730260993538053e+01 -3.771730260991824935e+01 -3.771730260990617722e+01 -3.771730260988702099e+01 -3.771730260989978234e+01
-7.631609787900746369e+02 -1.964247207760908168e+03 -1.964247207759397725e+03 -1.964247207758101467e+03 -1.964247207757134674e+03 -1.964247207756264970e+03 -1.964247207755652880e+03 -1.964247207754679721e+03 -1.964247207755328191e+03
-1.895937460410020140e+05 -4.877512844593782793e+05 -4.877512844590032473e+05 -4.877512844586817082e+05 -4.877512844584415434e+05 -4.877512844582258258e+05 -4.877512844580737874e+05 -4.877512844578323420e+05 -4.877512844579931116e+05
-2.344849137100890279e+08 -6.032400131759775877e+08 -6.032400131755138636e+08 -6.032400131751161814e+08 -6.032400131748187542e+08 -6.032400131745523214e+08 -6.032400131743642092e+08 -6.032400131740657091e+08 -6.032400131742645502e+08
-1.449086982008348633e+12 -3.727946694493087402e+12 -3.727946694490220215e+12 -3.727946694487762207e+12 -3.727946694485926270e+12 -3.727946694484276855e+12 -3.727946694483116211e+12 -3.727946694481270020e+12 -3.727946694482498047e+12
-4.477007141662376000e+16 -1.151762743182131680e+17 -1.151762743181246400e+17 -1.151762743180487360e+17 -1.151762743179920000e+17 -1.151762743179410880e+17 -1.151762743179051520e+17 -1.151762743178481600e+17 -1.151762743178860800e+17
-6.915759436675747414e+21 -1.779160454279674305e+22 -1.779160454278306542e+22 -1.779160454277133396e+22 -1.779160454276258044e+22 -1.779160454275470983e+22 -1.779160454274916286e+22 -1.779160454274034853e+22 -1.779160454274621007e+22
-5.341456845764095521e+27 -1.374152596723774265e+28 -1.374152596722718294e+28 -1.374152596721812297e+28 -1.374152596721136317e+28 -1.374152596720528067e+28 -1.374152596720099477e+28 -1.374152596719419539e+28 -1.374152596719872098e+28
-2.062762010753946264e+34 -5.306697882897916430e+34 -5.306697882893835088e+34 -5.306697882890338508e+34 -5.306697882887725526e+34 -5.306697882885378178e+34 -5.306697882883722583e+34 -5.306697882881097611e+34 -5.306697882882843596e+34
-3.982982877538010865e+41 -1.024669190806172575e+42 -1.024669190805385245e+42 -1.024669190804709639e+42 -1.024669190804205179e+42 -1.024669190803751783e+42 -1.024669190803432085e+42 -1.024669190802924994e+42 -1.024669190803262642e+42
-3.982982877538010865e+41 -1.024669190806172575e+42 -1.024669190805385245e+42 -1.024669190804709639e+42 -1.024669190804205179e+42 -1.024669190803751783e+42 -1.024669190803432085e+42 -1.024669190802924994e+42 -1.024669190803262642e+42
1.000000000000000021e-02 1.000000000000000021e-02 1.000000000000000021e-02 1.000000000000000021e-02 1.000000000000000021e-02 1.000000000000000021e-02 1.000000000000000021e-02 1.000000000000000021e-02 1.000000000000000021e-02
5.000000000000000104e-03 5.000000000000000104e-03 5.000000000000000104e-03 5.000000000000000104e-03 5.000000000000000104e-03 5.000000000000000104e-03 5.000000000000000104e-03 5.000000000000000104e-03 5.000000000000000104e-03
5.000000000000000104e-03 5.000000000000000104e-03 5.000000000000000104e-03 5.000000000000000104e-03 5.000000000000000104e-03 5.000000000000000104e-03 5.000000000000000104e-03 5.000000000000000104e-03 5.000000000000000104e-03
1.000000000000000021e-02 1.000000000000000021e-02 1.000000000000000021e-02 1.000000000000000021e-02 1.000000000000000021e-02 1.000000000000000021e-02 1.000000000000000021e-02 1.000000000000000021e-02 1.000000000000000021e-02
5.000000000000000104e-03 5.000000000000000104e-03 5.000000000000000104e-03 5.000000000000000104e-03 5.000000000000000104e-03 5.000000000000000104e-03 5.000000000000000104e-03 5.000000000000000104e-03 5.000000000000000104e-03
5.000000000000000104e-03 5.000000000000000104e-03 5.000000000000000104e-03 5.000000000000000104e-03 5.000000000000000104e-03 5.000000000000000104e-03 5.000000000000000104e-03 5.000000000000000104e-03 5.000000000000000104e-03
1.000000000000000021e-02 1.000000000000000021e-02 1.000000000000000021e-02 1.000000000000000021e-02 1.000000000000000021e-02 1.000000000000000021e-02 1.000000000000000021e-02 1.000000000000000021e-02 1.000000000000000021e-02
5.000000000000000104e-03 5.000000000000000104e-03 5.000000000000000104e-03 5.000000000000000104e-03 5.000000000000000104e-03 5.000000000000000104e-03 5.000000000000000104e-03 5.000000000000000104e-03 5.000000000000000104e-03
5.000000000000000104e-03 5.000000000000000104e-03 5.000000000000000104e-03 5.000000000000000104e-03 5.000000000000000104e-03 5.000000000000000104e-03 5.000000000000000104e-03 5.000000000000000104e-03 5.000000000000000104e-03
1.000000000000000021e-02 1.000000000000000021e-02 1.000000000000000021e-02 1.000000000000000021e-02 1.000000000000000021e-02 1.000000000000000021e-02 1.000000000000000021e-02 1.000000000000000021e-02 1.000000000000000021e-02
5.000000000000000104e-03 5.000000000000000104e-03 5.000000000000000104e-03 5.000000000000000104e-03 5.000000000000000104e-03 5.000000000000000104e-03 5.000000000000000104e-03 5.000000000000000104e-03 5.000000000000000104e-03
5.000000000000000104e-03 5.000000000000000104e-03 5.000000000000000104e-03 5.000000000000000104e-03 5.000000000000000104e-03 5.000000000000000104e-03 5.000000000000000104e-03 5.000000000000000104e-03 5.000000000000000104e-03
1.000000000000000021e-02 1.000000000000000021e-02 1.000000000000000021e-02 1.000000000000000021e-02 1.000000000000000021e-02 1.000000000000000021e-02 1.000000000000000021e-02 1.000000000000000021e-02 1.000000000000000021e-02
5.000000000000000104e-03 5.000000000000000104e-03 5.000000000000000104e-03 5.000000000000000104e-03 5.000000000000000104e-03 5.000000000000000104e-03 5.000000000000000104e-03 5.000000000000000104e-03 5.000000000000000104e-03
5.000000000000000104e-03 5.000000000000000104e-03 5.000000000000000104e-03 5.000000000000000104e-03 5.000000000000000104e-03 5.000000000000000104e-03 5.000000000000000104e-03 5.000000000000000104e-03 5.000000000000000104e-03
1.000000000000000021e-02 1.000000000000000021e-02 1.000000000000000021e-02 1.000000000000000021e-02 1.000000000000000021e-02 1.000000000000000021e-02 1.000000000000000021e-02 1.000000000000000021e-02 1.000000000000000021e-02
9.999999999999991535e-04 9.999999999999991535e-04 9.999999999999991535e-04 9.999999999999991535e-04 9.999999999999991535e-04 9.999999999999991535e-04 9.999999999999991535e-04 9.999999999999991535e-04 9.999999999999991535e-04
9.999999999999991535e-04 9.999999999999991535e-04 9.999999999999991535e-04 9.999999999999991535e-04 9.999999999999991535e-04 9.999999999999991535e-04 9.999999999999991535e-04 9.999999999999991535e-04 9.999999999999991535e-04
1.000000000000000021e-02 1.000000000000000021e-02 1.000000000000000021e-02 1.000000000000000021e-02 1.000000000000000021e-02 1.000000000000000021e-02 1.000000000000000021e-02 1.000000000000000021e-02 1.000000000000000021e-02
9.999999999999991535e-04 9.999999999999991535e-04 9.999999999999991535e-04 9.999999999999991535e-04 9.999999999999991535e-04 9.999999999999991535e-04 9.999999999999991535e-04 9.999999999999991535e-04 9.999999999999991535e-04
9.999999999999991535e-04 9.999999999999991535e-04 9.999999999999991535e-04 9.999999999999991535e-04 9.999999999999991535e-04 9.999999999999991535e-04 9.999999999999991535e-04 9.999999999999991535e-04 9.999999999999991535e-04
1.000000000000000021e-02 1.000000000000000021e-02 1.000000000000000021e-02 1.000000000000000021e-02 1.000000000000000021e-02 1.000000000000000021e-02 1.000000000000000021e-02 1.000000000000000021e-02 1.000000000000000021e-02
9.999999999999991535e-04 9.999999999999991535e-04 9.999999999999991535e-04 9.999999999999991535e-04 9.999999999999991535e-04 9.999999999999991535e-04 9.999999999999991535e-04 9.999999999999991535e-04 9.999999999999991535e-04
1.264890233659493948e-03 1.000000000000000021e-03 1.000000000000000021e-03 1.000000000000000021e-03 1.000000000000000021e-03 1.000000000000000021e-03 1.000000000000000021e-03 1.000000000000000021e-03 1.000000000000000021e-03
1.264917276649925792e-03 1.000000000000000021e-03 1.000000000000000021e-03 1.000000000000000021e-03 1.000000000000000021e-03 1.000000000000000021e-03 1.000000000000000021e-03 1.000000000000000021e-03 1.000000000000000021e-03
1.302192674733337538e-03 1.000000000000000021e-03 1.000000000000000021e-03 1.000000000000000021e-03 1.000000000000000021e-03 1.000000000000000021e-03 1.000000000000000021e-03 1.000000000000000021e-03 1.000000000000000021e-03
1.277942537686273987e-03 1.172851312421192144e-03 1.000000000000000021e-03 1.000000000000000021e-03 1.000000000000000021e-03 1.000000000000000021e-03 1.000000000000000021e-03 1.000000000000000021e-03 1.000000000000000021e-03
1.328984118712705966e-03 1.170459855133197105e-03 1.000000000000000021e-03 1.000000000000000021e-03 1.000000000000000021e-03 1.000000000000000021e-03 1.000000000000000021e-03 1.000000000000000021e-03 1.000000000000000021e-03
1.329637008368089908e-03 1.000000000000000021e-03 1.000000000000000021e-03 1.000000000000000021e-03 1.000000000000000021e-03 1.000000000000000021e-03 1.000000000000000021e-03 1.000000000000000021e-03 1.000000000000000021e-03
1.329421586354069366e-03 1.181808564332762065e-03 1.000000000000000021e-03 1.000000000000000021e-03 1.000000000000000021e-03 1.000000000000000021e-03 1.000000000000000021e-03 1.000000000000000021e-03 1.000000000000000021e-03
1.337240349485599271e-03 1.189156107081576919e-03 1.000000000082234154e-03 1.000000000082667618e-03 1.000000000085186002e-03 1.000000000082445139e-03 1.000000000086715161e-03 1.000000000081839287e-03 1.000000000081126316e-03
1.347677184123840556e-03 1.196295484756655604e-03 1.000000000000000021e-03 1.000000000000000021e-03 1.000000000000000021e-03 1.000000000000000021e-03 1.000000000000000021e-03 1.000000000000000021e-03 1.000000000000000021e-03
1.350261853958309400e-03 1.200650955674023145e-03 1.000000000000000021e-03 1.000000000000000021e-03 1.000000000000000021e-03 1.000000000000000021e-03 1.000000000000000021e-03 1.000000000000000021e-03 1.000000000000000021e-03
1.351840581951685612e-03 1.202221335172803203e-03 1.000000000124717965e-03 1.000000000123131994e-03 1.000000000126626378e-03 1.000000000123788153e-03 1.000000000126470686e-03 1.000000000124096717e-03 1.000000000126195299e-03
1.354117760115678033e-03 1.203019642907195196e-03 1.000000000000000021e-03 1.000000000000000021e-03 1.000000000000000021e-03 1.000000000000000021e-03 1.000000000000000021e-03 1.000000000000000021e-03 1.000000000000000021e-03
1.355224159693476250e-03 1.203942599890593093e-03 1.000000000303821876e-03 1.000000000305998303e-03 1.000000000303231636e-03 1.000000000306269787e-03 1.000000000301677974e-03 1.000000000308368152e-03 1.000000000307514451e-03
1.355970806154320994e-03 1.205234695109506319e-03 1.000000000191978398e-03 1.000000000192179626e-03 1.000000000190051121e-03 1.000000000188455826e-03 1.000000000190043098e-03 1.000000000188374077e-03 1.000000000190521014e-03
1.356014765911903999e-03 1.205304961737645392e-03 1.000000000000000021e-03 1.000000000000000021e-03 1.000000000000000021e-03 1.000000000000000021e-03 1.000000000000000021e-03 1.000000000000000021e-03 1.000000000000000021e-03
1.356057172885892807e-03 1.205373945593155244e-03 1.000000000370369988e-03 1.000000000364692238e-03 1.000000000362851480e-03 1.000000000363662029e-03 1.000000000364955916e-03 1.000000000363896434e-03 1.000000000366397905e-03
1.356023291421673506e-03 1.205374970335951722e-03 1.000000000017117188e-03 1.000000000015323701e-03 1.000000000017235366e-03 1.000000000015394607e-03 1.000000000016635368e-03 1.000000000011794189e-03 1.000000000014183554e-03
1.355988997783403021e-03 1.205375695311399886e-03 1.000000000000000021e-03 1.000000000000000021e-03 1.000000000000000021e-03 1.000000000000000021e-03 1.000000000000000021e-03 1.000000000000000021e-03 1.000000000000000021e-03
1.355954577155232170e-03 1.205376375251571326e-03 1.000000000000000021e-03 1.000000000000000021e-03 1.000000000000000021e-03 1.000000000000000021e-03 1.000000000000000021e-03 1.000000000000000021e-03 1.000000000000000021e-03
1.355920079685182106e-03 1.205377055403914627e-03 1.000000000000000021e-03 1.000000000000000021e-03 1.000000000000000021e-03 1.000000000000000021e-03 1.000000000000000021e-03 1.000000000000000021e-03 1.000000000000000021e-03
1.355885504616904068e-03 1.205377735096256316e-03 1.000000000000000021e-03 1.000000000000000021e-03 1.000000000000000021e-03 1.000000000000000021e-03 1.000000000000000021e-03 1.000000000000000021e-03 1.000000000000000021e-03
1.355850305046534063e-03 1.205377925934037874e-03 1.000000000000000021e-03 1.000000000000000021e-03 1.000000000000000021e-03 1.000000000000000021e-03 1.000000000000000021e-03 1.000000000000000021e-03 1.000000000000000021e-03
1.355814902805021170e-03 1.205378004154089838e-03 1.000000000000000021e-03 1.000000000000000021e-03 1.000000000000000021e-03 1.000000000000000021e-03 1.000000000000000021e-03 1.000000000000000021e-03 1.000000000000000021e-03
1.355779410244744958e-03 1.205378072132173286e-03 1.000000000000000021e-03 1.000000000000000021e-03 1.000000000000000021e-03 1.000000000000000021e-03 1.000000000000000021e-03 1.000000000000000021e-03 1.000000000000000021e-03
1.355743840004644584e-03 1.205378140094867353e-03 1.000000000000000021e-03 1.000000000000000021e-03 1.000000000000000021e-03 1.000000000000000021e-03 1.000000000000000021e-03 1.000000000000000021e-03 1.000000000000000021e-03
1.355708190457059802e-03 1.205378208391400495e-03 1.000000000000000021e-03 1.000000000000000021e-03 1.000000000000000021e-03 1.000000000000000021e-03 1.000000000000000021e-03 1.000000000000000021e-03 1.000000000000000021e-03
1.355672460996340534e-03 1.205378275716461819e-03 1.000000000180754087e-03 1.000000000176389089e-03 1.000000000179582498e-03 1.000000000178284708e-03 1.000000000181213355e-03 1.000000000179808663e-03 1.000000000180681662e-03
1.355636533171328609e-03 1.205378226409277616e-03 1.054515558574512608e-03 1.000000000480573067e-03 1.000000000477548577e-03 1.000000000481946752e-03 1.000000000483193150e-03 1.000000000486737841e-03 1.000000000481704975e-03
1.354465214183529428e-03 1.205388820362398401e-03 1.054526425916576388e-03 1.000000000000000021e-03 1.000000000000000021e-03 1.000000000000000021e-03 1.000000000000000021e-03 1.000000000000000021e-03 1.000000000000000021e-03
1.360315822590952347e-03 1.209184156531622600e-03 1.057844066338949150e-03 1.000000000389880206e-03 1.000000000390777492e-03 1.000000000392205820e-03 1.000000000389319023e-03 1.000000000394473537e-03 1.000000000387487155e-03
1.360341203595870135e-03 1.201122816402913802e-03 1.050780925187359306e-03 1.000000000087837310e-03 1.000000000091180122e-03 1.000000000091552871e-03 1.000000000090178537e-03 1.000000000093279788e-03 1.000000000088599071e-03
1.360345927022240655e-03 1.208972775553208024e-03 1.057658843849747839e-03 1.000000000007825792e-03 1.000000000005538776e-03 1.000000000005161907e-03 1.000000000002905249e-03 1.000000000005783806e-03 1.000000000004976292e-03
1.000000000000000021e-02 1.000000000000000021e-02 1.000000000000000021e-02 1.000000000000000021e-02 1.000000000000000021e-02 1.000000000000000021e-02 1.000000000000000021e-02 1.000000000000000021e-02 1.000000000000000021e-02
9.999999999999991535e-04 9.999999999999991535e-04 9.999999999999991535e-04 9.999999999999991535e-04 9.999999999999991535e-04 9.999999999999991535e-04 9.999999999999991535e-04 9.999999999999991535e-04 9.999999999999991535e-04
1.510327356335032338e-03 1.000000000000000021e-03 1.000000000000000021e-03 1.000000000000000021e-03 1.000000000000000021e-03 1.000000000000000021e-03 1.000000000000000021e-03 1.000000000000000021e-03 1.000000000000000021e-03
1.510428131362464167e-03 1.000000000213959080e-03 1.000000000202208496e-03 1.000000000199591666e-03 1.000000000206225249e-03 1.000000000202003365e-03 1.000000000200292494e-03 1.000000000199519892e-03 1.000000000202816083e-03
1.482506890821163985e-03 1.448968076074041945e-03 1.000000000000000021e-03 1.000000000000000021e-03 1.000000000000000021e-03 1.000000000000000021e-03 1.000000000000000021e-03 1.000000000000000021e-03 1.000000000000000021e-03
1.000000000030914962e-03 1.488171849243511390e-03 1.000000000199058455e-03 1.000000000198925749e-03 1.000000000195142968e-03 1.000000000202753416e-03 1.000000000198715631e-03 1.000000000197463377e-03 1.000000000201975393e-03
1.685981986208692860e-03 1.483841881381234556e-03 1.000000000000000021e-03 1.000000000000000021e-03 1.000000000000000021e-03 1.000000000000000021e-03 1.000000000000000021e-03 1.000000000000000021e-03 1.000000000000000021e-03
1.726261425881613163e-03 1.494645394152295395e-03 1.000000000000000021e-03 1.000000000000000021e-03 1.000000000000000021e-03 1.000000000000000021e-03 1.000000000000000021e-03 1.000000000000000021e-03 1.000000000000000021e-03
1.731436185113035837e-03 1.563189745077125416e-03 1.000000000000000021e-03 1.000000000000000021e-03 1.000000000000000021e-03 1.000000000000000021e-03 1.000000000000000021e-03 1.000000000000000021e-03 1.000000000000000021e-03
1.731486237572946521e-03 1.565130355688400688e-03 1.000000000000000021e-03 1.000000000000000021e-03 1.000000000000000021e-03 1.000000000000000021e-03 1.000000000000000021e-03 1.000000000000000021e-03 1.000000000000000021e-03
1.728945335486494882e-03 1.564626742708755992e-03 1.370077571061527420e-03 1.000000000000000021e-03 1.000000000000000021e-03 1.000000000000000021e-03 1.000000000000000021e-03 1.000000000000000021e-03 1.000000000000000021e-03
1.800159141611889710e-03 1.587725608168341976e-03 1.371228190621665314e-03 1.000000000112274577e-03 1.000000000107834335e-03 1.000000000107169936e-03 1.000000000104527735e-03 1.000000000106569288e-03 1.000000000110048276e-03
1.813446513689955615e-03 1.595524077901069567e-03 1.376631392094385944e-03 1.000000000065322768e-03 1.000000000062501674e-03 1.000000000064951971e-03 1.000000000062563907e-03 1.000000000061563622e-03 1.000000000063664156e-03
1.894792727192798993e-03 1.689395832901635901e-03 1.465966934325572176e-03 1.000000000011723065e-03 1.000000000015526446e-03 1.000000000014292624e-03 1.000000000014828220e-03 1.000000000010497483e-03 1.000000000011354220e-03
1.882175482557669859e-03 1.679734310537539911e-03 1.458964536268208103e-03 1.264890233566535321e-03 1.000000000000000021e-03 1.000000000000000021e-03 1.000000000000000021e-03 1.000000000000000021e-03 1.000000000000000021e-03
1.972625053058049260e-03 1.756261328717792633e-03 1.520558355585599790e-03 1.270416849195637543e-03 1.000000000000000021e-03 1.000000000000000021e-03 1.000000000000000021e-03 1.000000000000000021e-03 1.000000000000000021e-03
1.919582618771759281e-03 1.735339956246775145e-03 1.522140516284454809e-03 1.241409134682958538e-03 1.000000000014048896e-03 1.000000000013912937e-03 1.000000000011917137e-03 1.000000000013221649e-03 1.000000000012466394e-03
2.014380403849815211e-03 1.794776656984274806e-03 1.554007573992106060e-03 1.324301299379871321e-03 1.000000000000000021e-03 1.000000000000000021e-03 1.000000000000000021e-03 1.000000000000000021e-03 1.000000000000000021e-03
2.002422935322657228e-03 1.790032362661879038e-03 1.554319912198856568e-03 1.335136644234636346e-03 1.000000000000000021e-03 1.000000000000000021e-03 1.000000000000000021e-03 1.000000000000000021e-03 1.000000000000000021e-03
1.948677509748410154e-03 1.749642937174281142e-03 1.525718242077187849e-03 1.320397578457700857e-03 1.117627960071877627e-03 1.000000000000000021e-03 1.000000000000000021e-03 1.000000000000000021e-03 1.000000000000000021e-03
2.029404292063405422e-03 1.800123540967856275e-03 1.553995299790079986e-03 1.338221176141375472e-03 1.117640828943008025e-03 1.000000000000000021e-03 1.000000000000000021e-03 1.000000000000000021e-03 1.000000000000000021e-03
2.029825780865299363e-03 1.807036534800912685e-03 1.564336465187584789e-03 1.354517406111190210e-03 1.125034571274174467e-03 1.000000000000000021e-03 1.000000000000000021e-03 1.000000000000000021e-03 1.000000000000000021e-03
1.938317898056906349e-03 1.374217736911606449e-03 1.000000000001595099e-03 1.354832112682131245e-03 1.006923762984587465e-03 1.000000000030686412e-03 1.000000000029379731e-03 1.000000000029723207e-03 1.000000000030088149e-03
2.027072895675560617e-03 1.816666038343085852e-03 1.581065959387573279e-03 1.354531608500151273e-03 1.120800554922245880e-03 1.000000000042027817e-03 1.000000000041953224e-03 1.000000000041988786e-03 1.000000000041850008e-03
2.022976921470439563e-03 1.815234592757629861e-03 1.582917425204462009e-03 1.355512099300242414e-03 1.113743456947942096e-03 1.000000000009243495e-03 1.000000000007933995e-03 1.000000000008504069e-03 1.000000000005914777e-03
2.037250704284223387e-03 1.822209883901191804e-03 1.584264354323914768e-03 1.357575865424508503e-03 1.120641538386577636e-03 1.000000000022928945e-03 1.000000000023631942e-03 1.000000000024230421e-03 1.000000000026504644e-03
2.036546700526647297e-03 1.821343894802467155e-03 1.583118703343171793e-03 1.356639442928143794e-03 1.131096072824046544e-03 1.000000000004447418e-03 1.000000000006144628e-03 1.000000000004209761e-03 1.000000000003471853e-03
2.041537530408189544e-03 1.825660920127645951e-03 1.587485417936159663e-03 1.360245712767325140e-03 1.133739578108049640e-03 1.000000000015679969e-03 1.000000000019264559e-03 1.000000000018785341e-03 1.000000000019483784e-03
2.042166920349008149e-03 1.825632881958709182e-03 1.587485772362989996e-03 1.360232046932324194e-03 1.133972332805495854e-03 1.000000000000934820e-03 1.000000000002260366e-03 1.000000000003394224e-03 1.000000000002427116e-03
2.042311872536682876e-03 1.823107179542574193e-03 1.587598253802062010e-03 1.360341195266591028e-03 1.133222397229419632e-03 1.000000000007474511e-03 1.000000000008120261e-03 1.000000000007247262e-03 1.000000000006696921e-03
2.041795785976326886e-03 1.821666278156717275e-03 1.587197093735481877e-03 1.360034925866315672e-03 1.133308812968219842e-03 1.000000000019212083e-03 1.000000000017639340e-03 1.000000000018149348e-03 1.000000000017371542e-03
2.042024121691528304e-03 1.814730957244967829e-03 1.587373595636963793e-03 1.360341135088113593e-03 1.133675405624040870e-03 1.000000000034895935e-03 1.000000000037982225e-03 1.000000000035084803e-03 1.000000000034450762e-03
2.042188262230777793e-03 1.761590334514145711e-03 1.587497486358869407e-03 1.360780820141918807e-03 1.134736761549156757e-03 1.000000000022510226e-03 1.000000000022136177e-03 1.000000000023495549e-03 1.000000000024843646e-03
2.042206988535929732e-03 1.548356183554585675e-03 1.587497486708192625e-03 1.362115460486006645e-03 1.138630265455020012e-03 1.000000000005781854e-03 1.000000000005792696e-03 1.000000000006900751e-03 1.000000000005614453e-03
2.042254987256459601e-03 1.000000000000084589e-03 1.587497486273342986e-03 1.365533300143375586e-03 1.148611089306407224e-03 1.000000000084078381e-03 1.000000000083819691e-03 1.000000000084348565e-03 1.000000000085673026e-03
2.042254665378247149e-03 1.000000000000000021e-03 1.587497486558850932e-03 1.365503755915570923e-03 1.148545639025197289e-03 1.000000000000000021e-03 1.000000000000000021e-03 1.000000000000000021e-03 1.000000000000000021e-03
2.042180215313497710e-03 1.814777842593581552e-03 1.587495177241454117e-03 1.360408904177489190e-03 1.133681892138829923e-03 1.000000000026063591e-03 1.000000000023575780e-03 1.000000000025508045e-03 1.000000000024828034e-03
2.042180159928075767e-03 1.814783580978651840e-03 1.587497496444298210e-03 1.360132136369247282e-03 1.133065999394801231e-03 1.000000000046551542e-03 1.000000000043962467e-03 1.000000000042592469e-03 1.000000000044042265e-03
2.042138474094533362e-03 1.814741635835508517e-03 1.587463376247464720e-03 1.360341204415046459e-03 1.133496033664388664e-03 1.000000000019834199e-03 1.000000000017854879e-03 1.000000000019792131e-03 1.000000000018145445e-03
2.042182433909686418e-03 1.814780595793893166e-03 1.587497474714583828e-03 1.360344599047389044e-03 1.133385448851324155e-03 1.000000000081258155e-03 1.000000000078483681e-03 1.000000000078150398e-03 1.000000000081302390e-03
1.000000000000000021e-02 1.000000000000000021e-02 1.000000000000000021e-02 1.000000000000000021e-02 1.000000000000000021e-02 1.000000000000000021e-02 1.000000000000000021e-02 1.000000000000000021e-02 1.000000000000000021e-02
1.000000000000000021e-02 1.000000000000000021e-02 1.000000000000000021e-02 1.000000000000000021e-02 1.000000000000000021e-02 1.000000000000000021e-02 1.000000000000000021e-02 1.000000000000000021e-02 1.000000000000000021e-02
5.000000000000000278e-02 5.000000000000000278e-02 5.000000000000000278e-02 5.000000000000000278e-02 5.000000000000000278e-02 5.000000000000000278e-02 5.000000000000000278e-02 5.000000000000000278e-02 5.000000000000000278e-02
5.000000000000000278e-02 5.000000000000000278e-02 5.000000000000000278e-02 5.000000000000000278e-02 5.000000000000000278e-02 5.000000000000000278e-02 5.000000000000000278e-02 5.000000000000000278e-02 5.000000000000000278e-02
1.000000000000000021e-02 1.000000000000000021e-02 1.000000000000000021e-02 1.000000000000000021e-02 1.000000000000000021e-02 1.000000000000000021e-02 1.000000000000000021e-02 1.000000000000000021e-02 1.000000000000000021e-02
1.000000000000000021e-02 1.000000000000000021e-02 1.000000000000000021e-02 1.000000000000000021e-02 1.000000000000000021e-02 1.000000000000000021e-02 1.000000000000000021e-02 1.000000000000000021e-02 1.000000000000000021e-02
1.000000000000000021e-02 1.000000000000000021e-02 1.000000000000000021e-02 1.000000000000000021e-02 1.000000000000000021e-02 1.000000000000000021e-02 1.000000000000000021e-02 1.000000000000000021e-02 1.000000000000000021e-02
1.000000000000000021e-02 1.000000000000000021e-02 1.000000000000000021e-02 1.000000000000000021e-02 1.000000000000000021e-02 1.000000000000000021e-02 1.000000000000000021e-02 1.000000000000000021e-02 1.000000000000000021e-02
2.000000000000000042e-02 2.000000000000000042e-02 2.000000000000000042e-02 2.000000000000000042e-02 2.000000000000000042e-02 2.000000000000000042e-02 2.000000000000000042e-02 2.000000000000000042e-02 2.000000000000000042e-02
2.000000000000000042e-02 2.000000000000000042e-02 2.000000000000000042e-02 2.000000000000000042e-02 2.000000000000000042e-02 2.000000000000000042e-02 2.000000000000000042e-02 2.000000000000000042e-02 2.000000000000000042e-02
2.000000000000000042e-02 2.000000000000000042e-02 2.000000000000000042e-02 2.000000000000000042e-02 2.000000000000000042e-02 2.000000000000000042e-02 2.000000000000000042e-02 2.000000000000000042e-02 2.000000000000000042e-02
2.000000000000000042e-02 2.000000000000000042e-02 2.000000000000000042e-02 2.000000000000000042e-02 2.000000000000000042e-02 2.000000000000000042e-02 2.000000000000000042e-02 2.000000000000000042e-02 2.000000000000000042e-02
2.000000000000000042e-02 2.000000000000000042e-02 2.000000000000000042e-02 2.000000000000000042e-02 2.000000000000000042e-02 2.000000000000000042e-02 2.000000000000000042e-02 2.000000000000000042e-02 2.000000000000000042e-02
1.000000000015415641e-03 1.000000000013639284e-03 1.000000000016303819e-03 1.000000000013639284e-03 1.000000000014083373e-03 1.000000000013639284e-03 1.000000000013195195e-03 1.000000000012307017e-03 1.000000000015859730e-03
1.510306925753233508e-03 1.000000000000000021e-03 1.000000000000000021e-03 1.000000000000000021e-03 1.000000000000000021e-03 1.000000000000000021e-03 1.000000000000000021e-03 1.000000000000000021e-03 1.000000000000000021e-03
1.510814994365452038e-03 1.000000000023253122e-03 1.000000000018723759e-03 1.000000000018883353e-03 1.000000000023037799e-03 1.000000000019917682e-03 1.000000000022330466e-03 1.000000000021733721e-03 1.000000000020113706e-03
1.481605351934323252e-03 1.448951824806939299e-03 1.000000000000000021e-03 1.000000000000000021e-03 1.000000000000000021e-03 1.000000000000000021e-03 1.000000000000000021e-03 1.000000000000000021e-03 1.000000000000000021e-03
1.000000000013418324e-03 1.488156118934746844e-03 1.000000000102150080e-03 1.000000000104329543e-03 1.000000000104524700e-03 1.000000000105905756e-03 1.000000000102701072e-03 1.000000000106074458e-03 1.000000000100884166e-03
1.685179645593215579e-03 1.484425900011603159e-03 1.000000000059672340e-03 1.000000000060005407e-03 1.000000000060531679e-03 1.000000000056908925e-03 1.000000000061528494e-03 1.000000000060003889e-03 1.000000000065539825e-03
1.725514521727269067e-03 1.496658909191529024e-03 1.000000000101226123e-03 1.000000000100712645e-03 1.000000000102456909e-03 1.000000000107379838e-03 1.000000000104502148e-03 1.000000000103898898e-03 1.000000000106530257e-03
1.730273816731177534e-03 1.563283913108498915e-03 1.000000000000000021e-03 1.000000000000000021e-03 1.000000000000000021e-03 1.000000000000000021e-03 1.000000000000000021e-03 1.000000000000000021e-03 1.000000000000000021e-03
1.730330230420385439e-03 1.565198436478480379e-03 1.000000000000000021e-03 1.000000000000000021e-03 1.000000000000000021e-03 1.000000000000000021e-03 1.000000000000000021e-03 1.000000000000000021e-03 1.000000000000000021e-03
1.727893315802071436e-03 1.564760561984197135e-03 1.370058450875256571e-03 1.000000000000000021e-03 1.000000000000000021e-03 1.000000000000000021e-03 1.000000000000000021e-03 1.000000000000000021e-03 1.000000000000000021e-03
1.799994373744424154e-03 1.588476840554267589e-03 1.371715531732798981e-03 1.000000000169993597e-03 1.000000000169418320e-03 1.000000000169338522e-03 1.000000000172561422e-03 1.000000000172236812e-03 1.000000000167879186e-03
1.817102032073467923e-03 1.599550151431436331e-03 1.379821229634617136e-03 1.000000000000000021e-03 1.000000000000000021e-03 1.000000000000000021e-03 1.000000000000000021e-03 1.000000000000000021e-03 1.000000000000000021e-03
1.895616882040493303e-03 1.691176946463562002e-03 1.467311765773468297e-03 1.000000000066794681e-03 1.000000000061953285e-03 1.000000000058953080e-03 1.000000000062045442e-03 1.000000000059551994e-03 1.000000000061280429e-03
1.885123063562249481e-03 1.683426616351982926e-03 1.461936346532383135e-03 1.264894841618430894e-03 1.000000000000000021e-03 1.000000000000000021e-03 1.000000000000000021e-03 1.000000000000000021e-03 1.000000000000000021e-03
1.140890686857743948e-03 1.082110086659400202e-03 1.000000000002010782e-03 1.302927931730082792e-03 1.000000000061248336e-03 1.000000000062187255e-03 1.000000000059890481e-03 1.000000000060029043e-03 1.000000000061867416e-03
1.955684997628220553e-03 1.749609596637929226e-03 1.520120728065250254e-03 1.304216503972131140e-03 1.000000000000000021e-03 1.000000000000000021e-03 1.000000000000000021e-03 1.000000000000000021e-03 1.000000000000000021e-03
1.964067743130334508e-03 1.759616294651197409e-03 1.530396855154725301e-03 1.312585078269387076e-03 1.000000000000000021e-03 1.000000000000000021e-03 1.000000000000000021e-03 1.000000000000000021e-03 1.000000000000000021e-03
1.985293270944286492e-03 1.781671024831281425e-03 1.551266459295642464e-03 1.329980365325144406e-03 1.000000000170873969e-03 1.000000000167509907e-03 1.000000000168108603e-03 1.000000000168529057e-03 1.000000000166755736e-03
1.994238188455646228e-03 1.792512050781620023e-03 1.562487845959908235e-03 1.339098842514009451e-03 1.000000000000000021e-03 1.000000000000000021e-03 1.000000000000000021e-03 1.000000000000000021e-03 1.000000000000000021e-03
1.991359447501701765e-03 1.792364987222088649e-03 1.564119361679236356e-03 1.340026996093760447e-03 1.000000000000000021e-03 1.000000000000000021e-03 1.000000000000000021e-03 1.000000000000000021e-03 1.000000000000000021e-03
1.987508950342720127e-03 1.791389967036504261e-03 1.565080573958282104e-03 1.340368834889471344e-03 1.000000000027140203e-03 1.000000000028438210e-03 1.000000000027193112e-03 1.000000000029538242e-03 1.000000000027075368e-03
1.982663336869119365e-03 1.789543986289347062e-03 1.565319172307556590e-03 1.340083452567722606e-03 1.000000000000000021e-03 1.000000000000000021e-03 1.000000000000000021e-03 1.000000000000000021e-03 1.000000000000000021e-03
1.977449078675875757e-03 1.787458211446617392e-03 1.565419995022859431e-03 1.339661658056614645e-03 1.000000000175207742e-03 1.000000000173614182e-03 1.000000000172669625e-03 1.000000000171817009e-03 1.000000000176311894e-03
1.971705589229392087e-03 1.784959643807254494e-03 1.565213378870701499e-03 1.338963695730548999e-03 1.117625228128902616e-03 1.000000000000000021e-03 1.000000000000000021e-03 1.000000000000000021e-03 1.000000000000000021e-03
1.000000000000000021e-03 1.352342904704345160e-03 1.515834042581420136e-03 1.209281301919304429e-03 1.117676742591988508e-03 1.000000000000000021e-03 1.000000000000000021e-03 1.000000000000000021e-03 1.000000000000000021e-03
1.000000000000666155e-03 1.351903381625372581e-03 1.515685500498925196e-03 1.208533724991016790e-03 1.117681582383512652e-03 1.000000000000000021e-03 1.000000000000000021e-03 1.000000000000000021e-03 1.000000000000000021e-03
1.000000000000000021e-03 1.351315773595270810e-03 1.515468942724720186e-03 1.207559955683506700e-03 1.117669197758826630e-03 1.000000000000000021e-03 1.000000000000000021e-03 1.000000000000000021e-03 1.000000000000000021e-03
1.000000000305154794e-03 1.351306623279840968e-03 1.515455907697424356e-03 1.207548823838676009e-03 1.117659643156895376e-03 1.000000000103166411e-03 1.000000000090263972e-03 1.000000000079543814e-03 1.000000000077277181e-03
1.000000000002187941e-03 1.350395770552028328e-03 1.515164353776763144e-03 1.206004952055542145e-03 1.117684716970612953e-03 1.000000000115180889e-03 1.000000000117393312e-03 1.000000000118581381e-03 1.000000000119975665e-03
1.000000000000000021e-03 1.283458905587800403e-03 1.492097801901910714e-03 1.096289515278057059e-03 1.117676768183539521e-03 1.000000000000000021e-03 1.000000000000000021e-03 1.000000000000000021e-03 1.000000000000000021e-03
2.000000000000000042e-02 2.000000000000000042e-02 2.000000000000000042e-02 2.000000000000000042e-02 2.000000000000000042e-02 2.000000000000000042e-02 2.000000000000000042e-02 2.000000000000000042e-02 2.000000000000000042e-02
1.000000000022965158e-03 1.000000000021632890e-03 1.000000000028738317e-03 1.000000000026517871e-03 1.000000000024741514e-03 1.000000000028738317e-03 1.000000000026961960e-03 1.000000000028738317e-03 1.000000000026961960e-03
1.510327357287274963e-03 1.000000000542942448e-03 1.000000000540779465e-03 1.000000000540404547e-03 1.000000000540508848e-03 1.000000000546295018e-03 1.000000000547952329e-03 1.000000000543192248e-03 1.000000000543611401e-03
1.510428131479238162e-03 1.000000000000000021e-03 1.000000000000000021e-03 1.000000000000000021e-03 1.000000000000000021e-03 1.000000000000000021e-03 1.000000000000000021e-03 1.000000000000000021e-03 1.000000000000000021e-03
1.482506885637621587e-03 1.448968076279700135e-03 1.000000000114671748e-03 1.000000000114943449e-03 1.000000000113583642e-03 1.000000000112785887e-03 1.000000000117112070e-03 1.000000000118809497e-03 1.000000000116530287e-03
1.000000000032825759e-03 1.488171849183702244e-03 1.000000000195380625e-03 1.000000000191683929e-03 1.000000000193501919e-03 1.000000000192839038e-03 1.000000000195620667e-03 1.000000000194806865e-03 1.000000000192533293e-03
1.685981983114443611e-03 1.483841883930364517e-03 1.000000000065592734e-03 1.000000000064926817e-03 1.000000000065830825e-03 1.000000000066007116e-03 1.000000000063421077e-03 1.000000000063768239e-03 1.000000000066310259e-03
1.726261422885673295e-03 1.494645402282142018e-03 1.000000000057910945e-03 1.000000000056972677e-03 1.000000000058340723e-03 1.000000000059979820e-03 1.000000000058037146e-03 1.000000000060907246e-03 1.000000000060972949e-03
1.731436180567273199e-03 1.563189745478839885e-03 1.000000000235946266e-03 1.000000000237507517e-03 1.000000000236660972e-03 1.000000000234959642e-03 1.000000000236797365e-03 1.000000000241015128e-03 1.000000000242430879e-03
1.731486233203808440e-03 1.565130356053824308e-03 1.000000000000000021e-03 1.000000000000000021e-03 1.000000000000000021e-03 1.000000000000000021e-03 1.000000000000000021e-03 1.000000000000000021e-03 1.000000000000000021e-03
1.728945331428128175e-03 1.564626743222736127e-03 1.370077570847237462e-03 1.000000000000000021e-03 1.000000000000000021e-03 1.000000000000000021e-03 1.000000000000000021e-03 1.000000000000000021e-03 1.000000000000000021e-03
1.800159139064126928e-03 1.587725609461446055e-03 1.371228192456934664e-03 1.000000000000000021e-03 1.000000000000000021e-03 1.000000000000000021e-03 1.000000000000000021e-03 1.000000000000000021e-03 1.000000000000000021e-03
1.813446522114113037e-03 1.595524088827970227e-03 1.376631402064854189e-03 1.000000000132496465e-03 1.000000000130907675e-03 1.000000000129048919e-03 1.000000000130493727e-03 1.000000000129729581e-03 1.000000000127288392e-03
1.894792729279894897e-03 1.689395837811415082e-03 1.465966938289650157e-03 1.000000000000000021e-03 1.000000000000000021e-03 1.000000000000000021e-03 1.000000000000000021e-03 1.000000000000000021e-03 1.000000000000000021e-03
1.882175490645624644e-03 1.679734320761519127e-03 1.458964544606252550e-03 1.264890233155621831e-03 1.000000000000000021e-03 1.000000000000000021e-03 1.000000000000000021e-03 1.000000000000000021e-03 1.000000000000000021e-03
1.972625051369395269e-03 1.756261329903541397e-03 1.520558356311099094e-03 1.270416845007490969e-03 1.000000000000000021e-03 1.000000000000000021e-03 1.000000000000000021e-03 1.000000000000000021e-03 1.000000000000000021e-03
1.919582631998926689e-03 1.735339962826391120e-03 1.522140514118564512e-03 1.241409139586829684e-03 1.000000000000000021e-03 1.000000000000000021e-03 1.000000000000000021e-03 1.000000000000000021e-03 1.000000000000000021e-03
2.014380405303997906e-03 1.794776659781262924e-03 1.554007575124094660e-03 1.324301297955536930e-03 1.000000000029113885e-03 1.000000000027136517e-03 1.000000000029670297e-03 1.000000000030250996e-03 1.000000000030401700e-03
2.002422942533966903e-03 1.790032370231586486e-03 1.554319916721535241e-03 1.335136644045000712e-03 1.000000000000000021e-03 1.000000000000000021e-03 1.000000000000000021e-03 1.000000000000000021e-03 1.000000000000000021e-03
1.948677517600040307e-03 1.749642944504948682e-03 1.525718245337565494e-03 1.320397574827779407e-03 1.117627958237684674e-03 1.000000000000000021e-03 1.000000000000000021e-03 1.000000000000000021e-03 1.000000000000000021e-03
2.029404295842921618e-03 1.800123547060534937e-03 1.553995304895879450e-03 1.338221175110951245e-03 1.117640828985393608e-03 1.000000000476658447e-03 1.000000000475427661e-03 1.000000000475406844e-03 1.000000000477506727e-03
2.029825787584056858e-03 1.807036543959998935e-03 1.564336472736777396e-03 1.354517405692641334e-03 1.125034572199523240e-03 1.000000000000000021e-03 1.000000000000000021e-03 1.000000000000000021e-03 1.000000000000000021e-03
1.938317898841414007e-03 1.374217722921159627e-03 1.000000000000000021e-03 1.354832113018845409e-03 1.006923724409868092e-03 1.000000000000000021e-03 1.000000000000000021e-03 1.000000000000000021e-03 1.000000000000000021e-03
2.027072902091199905e-03 1.816666043419937118e-03 1.581065960125697251e-03 1.354531607138358433e-03 1.120800555597533613e-03 1.000000000012850852e-03 1.000000000012532964e-03 1.000000000010487942e-03 1.000000000012901159e-03
2.022976928618812169e-03 1.815234598877966737e-03 1.582917426407154469e-03 1.355512096857578504e-03 1.113743457923838109e-03 1.000000000002094049e-03 1.000000000004531335e-03 1.000000000004110014e-03 1.000000000003465781e-03
2.037250705596475777e-03 1.822209884767132153e-03 1.584264351951479403e-03 1.357575862140413718e-03 1.120641536353096396e-03 1.000000000000000021e-03 1.000000000000000021e-03 1.000000000000000021e-03 1.000000000000000021e-03
2.036546703801601823e-03 1.821343897631538550e-03 1.583118702820830725e-03 1.356639441277867524e-03 1.131096072258176927e-03 1.000000000000000021e-03 1.000000000001307569e-03 1.000000000000000021e-03 1.000000000002453787e-03
2.041537535228889373e-03 1.825660924314604456e-03 1.587485418400704515e-03 1.360245711645305345e-03 1.133739578601655014e-03 1.000000000000000021e-03 1.000000000000000021e-03 1.000000000000000021e-03 1.000000000000000021e-03
2.042166920746312300e-03 1.825632881542754151e-03 1.587485772127808113e-03 1.360232044478396074e-03 1.133972330433058754e-03 1.000000000000000021e-03 1.000000000000000021e-03 1.000000000000000021e-03 1.000000000000000021e-03
2.042311876720448189e-03 1.823107182110865693e-03 1.587598255877662986e-03 1.360341195262191119e-03 1.133222398106280282e-03 1.000000000027807204e-03 1.000000000031132019e-03 1.000000000029002212e-03 1.000000000029888873e-03
2.041795790926848216e-03 1.821666276144721670e-03 1.587197095498440579e-03 1.360034926277116623e-03 1.133308812994398337e-03 1.000000000044203811e-03 1.000000000045284760e-03 1.000000000042741439e-03 1.000000000044833299e-03
2.042024125552803753e-03 1.814730903558678474e-03 1.587373592389474493e-03 1.360341135124976467e-03 1.133675406330939602e-03 1.000000000008758640e-03 1.000000000008877902e-03 1.000000000008213720e-03 1.000000000008539848e-03
2.042188292134265899e-03 1.761589834585869201e-03 1.587497486476343147e-03 1.360780842033597381e-03 1.134736788000315511e-03 1.000000000000000021e-03 1.000000000000000021e-03 1.000000000000000021e-03 1.000000000000000021e-03
2.042207105517789261e-03 1.548353888839408034e-03 1.587497486970581261e-03 1.362115558389992128e-03 1.138630385315135118e-03 1.000000000027495605e-03 1.000000000024316724e-03 1.000000000024300027e-03 1.000000000024538335e-03
2.042255326710391145e-03 1.000000000000000021e-03 1.587497486810794146e-03 1.365533549680295793e-03 1.148611322513699027e-03 1.000000000000000021e-03 1.000000000000000021e-03 1.000000000000000021e-03 1.000000000000000021e-03
2.042255003089341048e-03 1.000000000000199080e-03 1.587497486913017281e-03 1.365504002861622204e-03 1.148545867672624236e-03 1.000000000073937405e-03 1.000000000070555995e-03 1.000000000072089924e-03 1.000000000072574346e-03
2.042180246277091379e-03 1.814777842408123567e-03 1.587495196473687545e-03 1.360408922489990879e-03 1.133681907821761873e-03 1.000000000025245885e-03 1.000000000024974401e-03 1.000000000024957487e-03 1.000000000026673780e-03
2.042180153003595681e-03 1.814783545752531426e-03 1.587497496171081431e-03 1.360132247029999545e-03 1.133066252452088378e-03 1.000000000000000021e-03 1.000000000000000021e-03 1.000000000000000021e-03 1.000000000000000021e-03
2.042138490891319980e-03 1.814741624477642697e-03 1.587463387473120975e-03 1.360341203894940799e-03 1.133496018289242629e-03 1.000000000068224093e-03 1.000000000066113151e-03 1.000000000066170614e-03 1.000000000067680691e-03
2.042182433362589762e-03 1.814780567103704053e-03 1.587497472259474145e-03 1.360344592925235045e-03 1.133385428673634775e-03 1.000000000050287269e-03 1.000000000050546610e-03 1.000000000049685537e-03 1.000000000049125438e-03
2.000000000000000042e-02 2.000000000000000042e-02 2.000000000000000042e-02 2.000000000000000042e-02 2.000000000000000042e-02 2.000000000000000042e-02 2.000000000000000042e-02 2.000000000000000042e-02 2.000000000000000042e-02 2.500000000000000000e-01 2.500000000000000000e-01 2.500000000000000000e-01 2.500000000000000000e-01 2.500000000000000000e-01 2.500000000000000000e-01 2.500000000000000000e-01 2.500000000000000000e-01 2.500000000000000000e-01
1.000000000351591173e-03 1.000000000343597567e-03 1.000000000338268497e-03 1.000000000333827604e-03 1.000000000339156675e-03 1.000000000341821210e-03 1.000000000348038459e-03 1.000000000329386712e-03 1.000000000321393107e-03 1.000000000000123013e-01 1.000000000000165201e-01 1.000000000000164369e-01 1.000000000000162426e-01 1.000000000000164646e-01 1.000000000000167144e-01 1.000000000000167144e-01 1.000000000000169365e-01 1.000000000000164646e-01
1.315212280022564663e-03 1.000000000000000021e-03 1.000000000000000021e-03 1.000000000000695645e-03 1.000000000000000021e-03 1.000000000000000021e-03 1.000000000000000021e-03 1.000000000000000021e-03 1.000000000001447214e-03 1.185646880124367197e-01 1.000000000000052375e-01 1.000000000000038219e-01 1.000000000000037803e-01 1.000000000000056677e-01 1.000000000000042938e-01 1.000000000000046962e-01 1.000000000000050432e-01 1.000000000000041828e-01
1.000000000000348267e-03 1.000000000000000021e-03 1.000000000000000021e-03 1.000000000000084155e-03 1.000000000001958524e-03 1.000000000000432401e-03 1.000000000000785851e-03 1.000000000001116315e-03 1.000000000000148123e-03 1.386717172113085539e-01 1.000000000000000056e-01 1.000000000000000056e-01 1.000000000000000056e-01 1.000000000000000056e-01 1.000000000000000056e-01 1.000000000000000056e-01 1.000000000000000056e-01 1.000000000000000056e-01
1.000000000001299546e-03 1.274766891552786335e-03 1.000000000000000021e-03 1.000000000002887251e-03 1.000000000001068177e-03 1.000000000001069695e-03 1.000000000000000021e-03 1.000000000000611077e-03 1.000000000000000021e-03 1.389675585091225685e-01 1.186233272503214725e-01 1.000000000000000056e-01 1.000000000000000056e-01 1.000000000000000056e-01 1.000000000000000056e-01 1.000000000000000056e-01 1.000000000000000056e-01 1.000000000000001443e-01
1.000000000000327016e-03 1.000000000000564240e-03 1.000000000000000021e-03 1.000000000000000021e-03 1.000000000000000021e-03 1.000000000000000021e-03 1.000000000000000021e-03 1.000000000000000021e-03 1.000000000000000021e-03 1.413586933416936808e-01 1.358327858259336662e-01 1.000000000000057926e-01 1.000000000000061395e-01 1.000000000000056677e-01 1.000000000000064587e-01 1.000000000000051265e-01 1.000000000000050571e-01 1.000000000000069861e-01
1.000000000000390334e-03 1.000000000000000021e-03 1.222931925011982827e-03 1.000000000003376877e-03 1.000000000000699114e-03 1.000000000000000021e-03 1.000000000000000021e-03 1.000000000000000021e-03 1.000000000000000021e-03 1.405042892898087925e-01 1.356314402950874465e-01 1.186904270768164571e-01 1.000000000000027672e-01 1.000000000000035028e-01 1.000000000000034195e-01 1.000000000000047240e-01 1.000000000000025591e-01 1.000000000000013239e-01
1.000000000000000021e-03 1.000000000000165036e-03 1.000000000000287118e-03 1.000000000001246636e-03 1.000000000001106124e-03 1.000000000000042305e-03 1.000000000000000021e-03 1.000000000000116898e-03 1.000000000000000021e-03 1.395953308036019247e-01 1.359807871029505566e-01 1.336165383199048873e-01 1.000000000000000749e-01 1.000000000000000056e-01 1.000000000000000056e-01 1.000000000000000056e-01 1.000000000000000056e-01 1.000000000000006994e-01
1.000000000000000021e-03 1.000000000001128242e-03 1.000000000000090010e-03 1.000000000001249889e-03 1.000000000000000021e-03 1.000000000000000021e-03 1.000000000000000021e-03 1.000000000000000021e-03 1.000000000000000021e-03 1.541440572823084554e-01 1.455333366267377582e-01 1.361078334580808347e-01 1.000000000000018929e-01 1.000000000000000056e-01 1.000000000000015460e-01 1.000000000000016570e-01 1.000000000000010048e-01 1.000000000000027534e-01
1.000000000004906903e-03 1.000000000003611498e-03 1.000000000003844602e-03 1.154458042723690171e-03 1.000000000000000021e-03 1.000000000000000021e-03 1.000000000000000021e-03 1.000000000000000021e-03 1.000000000000000021e-03 1.539916296839601295e-01 1.448654975815705237e-01 1.356140349421138536e-01 1.187479951762100416e-01 1.000000000000259293e-01 1.000000000000260542e-01 1.000000000000271783e-01 1.000000000000272199e-01 1.000000000000247358e-01
1.000000000000024090e-03 1.000000000000000021e-03 1.000000000000000021e-03 1.000000000000000021e-03 1.000000000000092829e-03 1.000000000000891018e-03 1.000000000000924628e-03 1.000000000001049312e-03 1.000000000002603624e-03 1.593891109393732186e-01 1.490668828051723016e-01 1.396631962583730902e-01 1.300563407244431924e-01 1.000000000000000056e-01 1.000000000000000056e-01 1.000000000000000056e-01 1.000000000000000056e-01 1.000000000000000056e-01
1.622143762677548656e-03 1.000000000000000021e-03 1.000000000000000021e-03 1.000000000000000021e-03 1.000000000000354555e-03 1.000000000000000021e-03 1.000000000001168574e-03 1.000000000000000021e-03 1.000000000000484659e-03 1.222396895962011981e-01 1.441793210535519121e-01 1.381497357427353134e-01 1.297731837408765965e-01 1.000000000000000056e-01 1.000000000000016015e-01 1.000000000000000056e-01 1.000000000000008382e-01 1.000000000000001721e-01
1.000000000000000021e-03 1.000000000000255676e-03 1.000000000000000021e-03 1.000000000000000021e-03 1.000000000002129394e-03 1.000000000000931784e-03 1.000000000001093764e-03 1.000000000000000021e-03 1.000000000000781731e-03 1.628327049415976280e-01 1.506765614687516908e-01 1.414992927629902253e-01 1.327603630832557835e-01 1.000000000000000056e-01 1.000000000000000056e-01 1.000000000000000056e-01 1.000000000000000056e-01 1.000000000000000472e-01
1.000000000000000021e-03 1.000000000000000021e-03 1.000000000000000021e-03 1.000000000000000021e-03 1.055999964054327861e-03 1.000000000007974328e-03 1.000000000005967903e-03 1.000000000004323602e-03 1.000000000012506727e-03 1.627280890554431148e-01 1.500177932942380055e-01 1.410214251650033224e-01 1.326490740389695833e-01 1.189580310829644327e-01 1.000000000000000056e-01 1.000000000000000056e-01 1.000000000000000056e-01 1.000000000000000056e-01
1.000000000000000021e-03 1.300826399854838628e-03 1.000000000000000021e-03 1.000000000000000021e-03 1.000000000000275408e-03 1.000000000004131915e-03 1.000000000000000021e-03 1.000000000000000021e-03 1.000000000001469115e-03 1.636322908170033952e-01 1.374193592491515514e-01 1.418020650364681112e-01 1.332520126795598003e-01 1.223862590136599454e-01 1.000000000000000056e-01 1.000000000000000056e-01 1.000000000000000056e-01 1.000000000000010048e-01
1.000000000000000021e-03 1.000000000000458638e-03 1.291262358479711029e-03 1.000000000000000021e-03 1.000000000000932218e-03 1.000000000001082488e-03 1.000000000000000021e-03 1.000000000000544724e-03 1.000000000002933221e-03 1.646369407158074227e-01 1.569054398185386057e-01 1.301739546414189819e-01 1.339670428711167149e-01 1.229449502760008861e-01 1.000000000000000056e-01 1.000000000000000056e-01 1.000000000000000056e-01 1.000000000000000056e-01
1.000000000000000021e-03 1.000000000000000021e-03 1.000000000000268686e-03 1.213783607291430864e-03 1.000000000000218379e-03 1.000000000000000021e-03 1.000000000000992716e-03 1.000000000000000021e-03 1.000000000000908582e-03 1.673431752098258340e-01 1.578979995784199619e-01 1.482745925739659409e-01 1.257969106608683163e-01 1.247415152822285017e-01 1.000000000000000056e-01 1.000000000000000056e-01 1.000000000000000056e-01 1.000000000000000056e-01
1.077905291373283236e-03 1.000000000000695428e-03 1.000000000003551867e-03 1.000000000002072799e-03 1.000000000001202835e-03 1.000000000000000021e-03 1.000000000000000021e-03 1.000000000000000021e-03 1.000000000000000021e-03 1.648429381334765298e-01 1.588356277035581354e-01 1.488214454385803076e-01 1.383460003086313395e-01 1.264173267893968777e-01 1.000000000000043771e-01 1.000000000000043215e-01 1.000000000000044742e-01 1.000000000000035999e-01
1.000000000000000021e-03 1.000000000000329618e-03 1.000000000000012164e-03 1.000000000000000021e-03 1.000000000000000021e-03 1.000000000003982946e-03 1.000000000005796816e-03 1.000000000004016339e-03 1.000000000003412872e-03 1.711766364081606928e-01 1.614933804426670894e-01 1.504566694125025195e-01 1.394288109109279306e-01 1.275340961159671660e-01 1.000000000000000056e-01 1.000000000000000056e-01 1.000000000000000056e-01 1.000000000000000056e-01
1.000000000000121018e-03 1.000000000000183902e-03 1.000000000000000021e-03 1.000000000000042738e-03 1.000000000000000021e-03 1.000000000000497670e-03 1.000000000000000021e-03 1.000000000000653361e-03 1.000000000000376022e-03 1.713406633042155180e-01 1.617705365976875864e-01 1.505904320876668145e-01 1.395416073851441785e-01 1.276438165595531471e-01 1.000000000000000056e-01 1.000000000000000056e-01 1.000000000000000056e-01 1.000000000000000056e-01
1.000000000000199731e-03 1.000000000000288419e-03 1.000000000000754842e-03 1.000000000000430449e-03 1.000000000000281913e-03 1.000000000000635580e-03 1.000000000000000021e-03 1.000000000000000021e-03 1.000000000000140967e-03 1.711328763244034934e-01 1.617063459671651826e-01 1.504064785432431550e-01 1.393639805773834173e-01 1.274843543690830083e-01 1.146990355218600877e-01 1.000000000000015460e-01 1.000000000000035166e-01 1.000000000000031697e-01
1.000000000000071795e-03 1.000000000000000021e-03 1.154721435331619323e-03 1.000000000000167638e-03 1.000000000000900776e-03 1.000000000000000021e-03 1.000000000002609912e-03 1.000000000000000021e-03 1.000000000000000021e-03 1.757914832742034361e-01 1.662751779006289565e-01 1.453398315966121235e-01 1.431254493153543139e-01 1.308994209894556171e-01 1.179843007894103429e-01 1.000000000000000888e-01 1.000000000000000056e-01 1.000000000000000056e-01
1.000000000000000021e-03 1.000000000000162651e-03 1.000000000000000021e-03 1.000000000000000021e-03 1.000000000000000021e-03 1.000000000000163302e-03 1.000000000000000021e-03 1.000000000000000021e-03 1.000000000001196546e-03 1.768819414828021741e-01 1.672854267760814084e-01 1.569613479963350433e-01 1.442007407944446706e-01 1.315589932779167581e-01 1.185932821221410971e-01 1.000000000000001166e-01 1.000000000000000056e-01 1.000000000000006162e-01
1.000000000000000021e-03 1.000000000000001756e-03 1.000000000000025391e-03 1.108398235093648780e-03 1.000000000000132077e-03 1.000000000000000021e-03 1.000000000000116464e-03 1.000000000000000021e-03 1.000000000000000021e-03 1.761224354259782188e-01 1.665530977686841829e-01 1.570361267148738527e-01 1.378415447060147569e-01 1.308627140464093674e-01 1.180100742313269085e-01 1.000000000000030864e-01 1.000000000000020872e-01 1.000000000000031419e-01
1.000000000000035583e-03 1.000000000000486177e-03 1.000000000000045557e-03 1.046709785729547449e-03 1.000000000000291021e-03 1.000000000000000021e-03 1.000000000000000021e-03 1.000000000000000021e-03 1.000000000000000021e-03 1.773728664228866048e-01 1.675619839334448469e-01 1.571412501428698094e-01 1.422212323858467742e-01 1.318403022803161795e-01 1.187590343342333488e-01 1.000000000000006717e-01 1.000000000000000056e-01 1.000000000000010186e-01
1.000000000000000021e-03 1.000000000000000021e-03 1.000000000000000021e-03 1.000000000009125317e-03 1.000000000019571605e-03 1.000000000000000021e-03 1.000000000008131971e-03 1.000000000004103726e-03 1.000000000000000021e-03 1.784122851886132122e-01 1.684813348323736526e-01 1.570948217960670690e-01 1.454472825909056410e-01 1.328111804061270496e-01 1.194668739137243058e-01 1.000000000000000056e-01 1.000000000000000056e-01 1.000000000000000056e-01
1.000000000000039919e-03 1.000000000000000021e-03 1.000000000000000021e-03 1.000000000000000021e-03 1.000000000000000021e-03 1.000000000000399658e-03 1.000000000000000021e-03 1.000000000000022139e-03 1.000000000000000021e-03 1.783904725057637308e-01 1.683403073001447647e-01 1.570846135215047401e-01 1.454942707927555923e-01 1.328551164732002243e-01 1.193261224757803524e-01 1.000000000000015737e-01 1.000000000000018097e-01 1.000000000000021844e-01
1.000000000000063772e-03 1.000000000000000021e-03 1.000000000000000021e-03 1.000000000000085022e-03 1.000000000000402910e-03 1.000000000000000021e-03 1.000000000001044975e-03 1.000000000000254808e-03 1.000000000000000021e-03 1.783028550480752483e-01 1.681131941492553794e-01 1.570191309151006409e-01 1.455007095543886519e-01 1.328619937004459350e-01 1.191160394273879514e-01 1.000000000000007272e-01 1.000000000000023370e-01 1.000000000000014627e-01
1.000000000000000021e-03 1.000000000000000021e-03 1.000000000000000021e-03 1.000000000000178264e-03 1.000000000000257194e-03 1.000000000000000021e-03 1.000000000000000021e-03 1.000000000002887468e-03 1.000000000001233409e-03 1.782005920084188677e-01 1.678433009300701051e-01 1.569516348621553536e-01 1.455163282280350634e-01 1.328640454291084849e-01 1.188654890453814117e-01 1.000000000000013656e-01 1.000000000000016848e-01 1.000000000000010880e-01
1.000000000000130776e-03 1.000000000000030812e-03 1.000000000000005659e-03 1.000000000000000021e-03 1.000000000000000021e-03 1.000000000000253724e-03 1.000000000000000021e-03 1.000000000000000021e-03 1.000000000000000021e-03 1.779879811442263149e-01 1.673147992526384797e-01 1.567924763959957779e-01 1.455207105181625660e-01 1.328680574453807717e-01 1.183793257225376899e-01 1.000000000000045158e-01 1.000000000000058759e-01 1.000000000000057648e-01
1.000000000000114946e-03 1.000000000000399224e-03 1.000000000000061387e-03 1.000000000000000021e-03 1.000000000000000021e-03 1.000000000000000021e-03 1.000000000001217363e-03 1.000000000000000021e-03 1.000000000000000021e-03 1.776542628864752338e-01 1.664888116494109283e-01 1.565423652067458316e-01 1.455256646673939169e-01 1.328725914246122464e-01 1.176199625475250060e-01 1.000000000000016986e-01 1.000000000000004358e-01 1.000000000000011158e-01
1.000000000000000021e-03 1.000000000000000021e-03 1.000000000000000021e-03 1.000000000000000021e-03 1.000000000000000021e-03 1.000000000000000021e-03 1.000000000020692887e-03 1.000000000000708222e-03 1.000000000000759396e-03 1.769727518427011981e-01 1.649051590559745262e-01 1.560282577802968584e-01 1.454829777682159486e-01 1.328334634637357570e-01 1.161761818671791929e-01 1.029445401870610621e-01 1.000000000000000056e-01 1.000000000000000056e-01
1.000000000000221198e-03 1.000000000000308802e-03 1.000000000000031463e-03 1.000000000000000021e-03 1.000000000000000021e-03 1.000000000000000021e-03 1.000000000000000021e-03 1.000000000000000021e-03 1.000000000000000021e-03 1.781217593224384277e-01 1.671117079727162114e-01 1.572598362130004646e-01 1.458346322593148392e-01 1.331556171711478775e-01 1.180944006314951222e-01 1.031164024446632188e-01 1.000000000000022815e-01 1.000000000000021011e-01
1.000000000000000021e-03 1.000000000003949769e-03 1.000000000000000021e-03 1.000000000000000021e-03 1.000000000000000021e-03 1.000000000000000021e-03 1.000000000031876432e-03 1.000000000004986267e-03 1.000000000008788780e-03 1.783897523900448978e-01 1.681446885376189360e-01 1.572610216547876139e-01 1.456468908281313424e-01 1.329836099354242129e-01 1.190750917174906026e-01 1.029955454344599480e-01 1.000000000000000056e-01 1.000000000000000056e-01
1.000000000000068326e-03 1.000000000000000021e-03 1.000000000000006960e-03 1.000000000002205939e-03 1.000000000003214680e-03 1.000000000000000021e-03 1.000000000000000021e-03 1.000000000000000021e-03 1.000000000000000021e-03 1.784582083551207177e-01 1.682962637171140641e-01 1.574197028280556465e-01 1.456876217779517479e-01 1.330208766345103433e-01 1.191763422839661468e-01 1.030349429231592062e-01 1.000000000000015599e-01 1.000000000000018097e-01
1.000000000000000021e-03 1.000000000000582671e-03 1.000000000000000021e-03 1.000000000000000021e-03 1.000000000000000021e-03 1.000000000000078300e-03 1.000000000005938847e-03 1.000000000011325380e-03 1.000000000005242138e-03 1.784522323974806202e-01 1.682524649738187383e-01 1.574215641325405202e-01 1.457239717021002468e-01 1.330541624854753580e-01 1.191099029514727931e-01 1.030813652960956006e-01 1.000000000000000056e-01 1.000000000000000056e-01
1.000000000000000021e-03 1.000000000000000021e-03 1.000000000000000021e-03 1.000000000000000021e-03 1.000000000000000021e-03 1.000000000000000021e-03 1.000000000002817212e-03 1.000000000008307178e-03 1.000000000007823190e-03 1.784873890067723290e-01 1.682150352604850074e-01 1.574093752280577851e-01 1.457314349710648604e-01 1.330609995430451775e-01 1.190567178765767342e-01 1.030861887279443806e-01 1.000000000000000056e-01 1.000000000000000056e-01
1.000000000000126872e-03 1.000000000000000021e-03 1.000000000000033848e-03 1.000000000000126872e-03 1.000000000000251989e-03 1.000000000000000021e-03 1.000000000001276127e-03 1.000000000000000021e-03 1.000000000000000021e-03 1.784871426501509206e-01 1.682838123260571028e-01 1.574212223039691827e-01 1.457143291295252829e-01 1.330453122990408743e-01 1.191178586852707083e-01 1.030806257291915495e-01 1.000000000000031974e-01 1.000000000000000056e-01
1.000000000000004141e-03 1.000000000000000021e-03 1.000000000000000021e-03 1.000000000002928017e-03 1.000000000004642575e-03 1.000000000000231390e-03 1.000000000000000021e-03 1.000000000000000021e-03 1.000000000000000021e-03 1.784853019580022182e-01 1.682816340265278487e-01 1.574312557990593664e-01 1.457481026492694898e-01 1.330762490130699138e-01 1.191035221186064752e-01 1.030901769133882317e-01 1.000000000000023648e-01 1.000000000000028921e-01
1.000000000000000021e-03 1.000000000000059218e-03 1.000000000000000021e-03 1.000000000000000021e-03 1.000000000000000021e-03 1.000000000001109593e-03 1.000000000005263389e-03 1.000000000009018631e-03 1.000000000007095040e-03 1.784814693534971242e-01 1.682838218009748699e-01 1.572756081022221031e-01 1.457559950893486111e-01 1.330832385441919896e-01 1.188576462527000527e-01 1.030091151995304599e-01 1.000000000000000056e-01 1.000000000000000056e-01
1.000000000000048593e-03 1.000000000000000021e-03 1.000000000000000021e-03 1.000000000000000021e-03 1.000000000000000021e-03 1.000000000000500705e-03 1.000000000000092612e-03 1.000000000001581872e-03 1.000000000000000021e-03 1.784873992850002367e-01 1.682902286241242384e-01 1.562503265157513810e-01 1.458000885513529299e-01 1.331220552996439932e-01 1.172304838358731449e-01 1.024797297690338560e-01 1.000000000000000056e-01 1.000000000000000056e-01
1.000000000000006526e-03 1.000000000000000021e-03 1.000000000000000021e-03 1.000000000000829219e-03 1.000000000001105040e-03 1.000000000000012814e-03 1.000000000000904462e-03 1.000000000001242083e-03 1.000000000000000021e-03 1.784873994984140233e-01 1.683148086748910421e-01 1.515681524208518371e-01 1.459976206961003942e-01 1.332958179975562152e-01 1.098109421790603307e-01 1.000584527491978210e-01 1.000000000000000056e-01 1.000000000000000056e-01
1.000000000000005876e-03 1.000000000000109308e-03 1.000000000000002623e-03 1.000000000000000021e-03 1.000000000000000021e-03 1.000000000000486177e-03 1.000000000000000021e-03 1.000000000000968647e-03 1.000000000000000021e-03 1.784873870247916661e-01 1.682840348240529360e-01 1.574199435414102843e-01 1.457512246861427940e-01 1.330790159655592664e-01 1.190181789587900774e-01 1.030816566240568277e-01 1.000000000000000056e-01 1.000000000000010325e-01
1.000000000000000021e-03 1.000000000000289069e-03 1.000000000000025825e-03 1.000000000000000021e-03 1.000000000000000021e-03 1.000000000000000021e-03 1.000000000001325350e-03 1.000000000003772611e-03 1.000000000002127009e-03 1.784873994793698404e-01 1.682838316560000269e-01 1.574198016562782798e-01 1.457537553968373256e-01 1.330809606568721382e-01 1.186810361771313549e-01 1.030666600334777250e-01 1.000000000000000056e-01 1.000000000000000056e-01
2.000000000000000042e-02 2.000000000000000042e-02 2.000000000000000042e-02 2.000000000000000042e-02 2.000000000000000042e-02 2.000000000000000042e-02 2.000000000000000042e-02 2.000000000000000042e-02 2.000000000000000042e-02 2.500000000000000000e-01 2.500000000000000000e-01 2.500000000000000000e-01 2.500000000000000000e-01 2.500000000000000000e-01 2.500000000000000000e-01 2.500000000000000000e-01 2.500000000000000000e-01 2.500000000000000000e-01
1.000000000351591173e-03 1.000000000343597567e-03 1.000000000338268497e-03 1.000000000333827604e-03 1.000000000339156675e-03 1.000000000341821210e-03 1.000000000348038459e-03 1.000000000329386712e-03 1.000000000321393107e-03 1.000000000000123013e-01 1.000000000000165201e-01 1.000000000000164369e-01 1.000000000000162426e-01 1.000000000000164646e-01 1.000000000000167144e-01 1.000000000000167144e-01 1.000000000000169365e-01 1.000000000000164646e-01
1.315212280022564663e-03 1.000000000000000021e-03 1.000000000000000021e-03 1.000000000000695645e-03 1.000000000000000021e-03 1.000000000000000021e-03 1.000000000000000021e-03 1.000000000000000021e-03 1.000000000001447214e-03 1.185646880124367197e-01 1.000000000000052375e-01 1.000000000000038219e-01 1.000000000000037803e-01 1.000000000000056677e-01 1.000000000000042938e-01 1.000000000000046962e-01 1.000000000000050432e-01 1.000000000000041828e-01
1.000000000000348267e-03 1.000000000000000021e-03 1.000000000000000021e-03 1.000000000000084155e-03 1.000000000001958524e-03 1.000000000000432401e-03 1.000000000000785851e-03 1.000000000001116315e-03 1.000000000000148123e-03 1.386717172113085539e-01 1.000000000000000056e-01 1.000000000000000056e-01 1.000000000000000056e-01 1.000000000000000056e-01 1.000000000000000056e-01 1.000000000000000056e-01 1.000000000000000056e-01 1.000000000000000056e-01
1.000000000001299546e-03 1.274766891552786335e-03 1.000000000000000021e-03 1.000000000002887251e-03 1.000000000001068177e-03 1.000000000001069695e-03 1.000000000000000021e-03 1.000000000000611077e-03 1.000000000000000021e-03 1.389675585091225685e-01 1.186233272503214725e-01 1.000000000000000056e-01 1.000000000000000056e-01 1.000000000000000056e-01 1.000000000000000056e-01 1.000000000000000056e-01 1.000000000000000056e-01 1.000000000000001443e-01
1.000000000000327016e-03 1.000000000000564240e-03 1.000000000000000021e-03 1.000000000000000021e-03 1.000000000000000021e-03 1.000000000000000021e-03 1.000000000000000021e-03 1.000000000000000021e-03 1.000000000000000021e-03 1.413586933416936808e-01 1.358327858259336662e-01 1.000000000000057926e-01 1.000000000000061395e-01 1.000000000000056677e-01 1.000000000000064587e-01 1.000000000000051265e-01 1.000000000000050571e-01 1.000000000000069861e-01
1.000000000000390334e-03 1.000000000000000021e-03 1.222931925011982827e-03 1.000000000003376877e-03 1.000000000000699114e-03 1.000000000000000021e-03 1.000000000000000021e-03 1.000000000000000021e-03 1.000000000000000021e-03 1.405042892898087925e-01 1.356314402950874465e-01 1.186904270768164571e-01 1.000000000000027672e-01 1.000000000000035028e-01 1.000000000000034195e-01 1.000000000000047240e-01 1.000000000000025591e-01 1.000000000000013239e-01
1.000000000000000021e-03 1.000000000000165036e-03 1.000000000000287118e-03 1.000000000001246636e-03 1.000000000001106124e-03 1.000000000000042305e-03 1.000000000000000021e-03 1.000000000000116898e-03 1.000000000000000021e-03 1.395953308036019247e-01 1.359807871029505566e-01 1.336165383199048873e-01 1.000000000000000749e-01 1.000000000000000056e-01 1.000000000000000056e-01 1.000000000000000056e-01 1.000000000000000056e-01 1.000000000000006994e-01
1.000000000000000021e-03 1.000000000001128242e-03 1.000000000000090010e-03 1.000000000001249889e-03 1.000000000000000021e-03 1.000000000000000021e-03 1.000000000000000021e-03 1.000000000000000021e-03 1.000000000000000021e-03 1.541440572823084554e-01 1.455333366267377582e-01 1.361078334580808347e-01 1.000000000000018929e-01 1.000000000000000056e-01 1.000000000000015460e-01 1.000000000000016570e-01 1.000000000000010048e-01 1.000000000000027534e-01
1.000000000004906903e-03 1.000000000003611498e-03 1.000000000003844602e-03 1.154458042723690171e-03 1.000000000000000021e-03 1.000000000000000021e-03 1.000000000000000021e-03 1.000000000000000021e-03 1.000000000000000021e-03 1.539916296839601295e-01 1.448654975815705237e-01 1.356140349421138536e-01 1.187479951762100416e-01 1.000000000000259293e-01 1.000000000000260542e-01 1.000000000000271783e-01 1.000000000000272199e-01 1.000000000000247358e-01
1.000000000000024090e-03 1.000000000000000021e-03 1.000000000000000021e-03 1.000000000000000021e-03 1.000000000000092829e-03 1.000000000000891018e-03 1.000000000000924628e-03 1.000000000001049312e-03 1.000000000002603624e-03 1.593891109393732186e-01 1.490668828051723016e-01 1.396631962583730902e-01 1.300563407244431924e-01 1.000000000000000056e-01 1.000000000000000056e-01 1.000000000000000056e-01 1.000000000000000056e-01 1.000000000000000056e-01
1.622143762677548656e-03 1.000000000000000021e-03 1.000000000000000021e-03 1.000000000000000021e-03 1.000000000000354555e-03 1.000000000000000021e-03 1.000000000001168574e-03 1.000000000000000021e-03 1.000000000000484659e-03 1.222396895962011981e-01 1.441793210535519121e-01 1.381497357427353134e-01 1.297731837408765965e-01 1.000000000000000056e-01 1.000000000000016015e-01 1.000000000000000056e-01 1.000000000000008382e-01 1.000000000000001721e-01
1.000000000000000021e-03 1.000000000000255676e-03 1.000000000000000021e-03 1.000000000000000021e-03 1.000000000002129394e-03 1.000000000000931784e-03 1.000000000001093764e-03 1.000000000000000021e-03 1.000000000000781731e-03 1.628327049415976280e-01 1.506765614687516908e-01 1.414992927629902253e-01 1.327603630832557835e-01 1.000000000000000056e-01 1.000000000000000056e-01 1.000000000000000056e-01 1.000000000000000056e-01 1.000000000000000472e-01
1.000000000000000021e-03 1.000000000000000021e-03 1.000000000000000021e-03 1.000000000000000021e-03 1.055999964054327861e-03 1.000000000007974328e-03 1.000000000005967903e-03 1.000000000004323602e-03 1.000000000012506727e-03 1.627280890554431148e-01 1.500177932942380055e-01 1.410214251650033224e-01 1.326490740389695833e-01 1.189580310829644327e-01 1.000000000000000056e-01 1.000000000000000056e-01 1.000000000000000056e-01 1.000000000000000056e-01
1.000000000000000021e-03 1.300826399854838628e-03 1.000000000000000021e-03 1.000000000000000021e-03 1.000000000000275408e-03 1.000000000004131915e-03 1.000000000000000021e-03 1.000000000000000021e-03 1.000000000001469115e-03 1.636322908170033952e-01 1.374193592491515514e-01 1.418020650364681112e-01 1.332520126795598003e-01 1.223862590136599454e-01 1.000000000000000056e-01 1.000000000000000056e-01 1.000000000000000056e-01 1.000000000000010048e-01
1.000000000000000021e-03 1.000000000000458638e-03 1.291262358479711029e-03 1.000000000000000021e-03 1.000000000000932218e-03 1.000000000001082488e-03 1.000000000000000021e-03 1.000000000000544724e-03 1.000000000002933221e-03 1.646369407158074227e-01 1.569054398185386057e-01 1.301739546414189819e-01 1.339670428711167149e-01 1.229449502760008861e-01 1.000000000000000056e-01 1.000000000000000056e-01 1.000000000000000056e-01 1.000000000000000056e-01
1.000000000000000021e-03 1.000000000000000021e-03 1.000000000000268686e-03 1.213783607291430864e-03 1.000000000000218379e-03 1.000000000000000021e-03 1.000000000000992716e-03 1.000000000000000021e-03 1.000000000000908582e-03 1.673431752098258340e-01 1.578979995784199619e-01 1.482745925739659409e-01 1.257969106608683163e-01 1.247415152822285017e-01 1.000000000000000056e-01 1.000000000000000056e-01 1.000000000000000056e-01 1.000000000000000056e-01
1.077905291373283236e-03 1.000000000000695428e-03 1.000000000003551867e-03 1.000000000002072799e-03 1.000000000001202835e-03 1.000000000000000021e-03 1.000000000000000021e-03 1.000000000000000021e-03 1.000000000000000021e-03 1.648429381334765298e-01 1.588356277035581354e-01 1.488214454385803076e-01 1.383460003086313395e-01 1.264173267893968777e-01 1.000000000000043771e-01 1.000000000000043215e-01 1.000000000000044742e-01 1.000000000000035999e-01
1.000000000000000021e-03 1.000000000000329618e-03 1.000000000000012164e-03 1.000000000000000021e-03 1.000000000000000021e-03 1.000000000003982946e-03 1.000000000005796816e-03 1.000000000004016339e-03 1.000000000003412872e-03 1.711766364081606928e-01 1.614933804426670894e-01 1.504566694125025195e-01 1.394288109109279306e-01 1.275340961159671660e-01 1.000000000000000056e-01 1.000000000000000056e-01 1.000000000000000056e-01 1.000000000000000056e-01
1.000000000000121018e-03 1.000000000000183902e-03 1.000000000000000021e-03 1.000000000000042738e-03 1.000000000000000021e-03 1.000000000000497670e-03 1.000000000000000021e-03 1.000000000000653361e-03 1.000000000000376022e-03 1.713406633042155180e-01 1.617705365976875864e-01 1.505904320876668145e-01 1.395416073851441785e-01 1.276438165595531471e-01 1.000000000000000056e-01 1.000000000000000056e-01 1.000000000000000056e-01 1.000000000000000056e-01
1.000000000000199731e-03 1.000000000000288419e-03 1.000000000000754842e-03 1.000000000000430449e-03 1.000000000000281913e-03 1.000000000000635580e-03 1.000000000000000021e-03 1.000000000000000021e-03 1.000000000000140967e-03 1.711328763244034934e-01 1.617063459671651826e-01 1.504064785432431550e-01 1.393639805773834173e-01 1.274843543690830083e-01 1.146990355218600877e-01 1.000000000000015460e-01 1.000000000000035166e-01 1.000000000000031697e-01
1.000000000000071795e-03 1.000000000000000021e-03 1.154721435331619323e-03 1.000000000000167638e-03 1.000000000000900776e-03 1.000000000000000021e-03 1.000000000002609912e-03 1.000000000000000021e-03 1.000000000000000021e-03 1.757914832742034361e-01 1.662751779006289565e-01 1.453398315966121235e-01 1.431254493153543139e-01 1.308994209894556171e-01 1.179843007894103429e-01 1.000000000000000888e-01 1.000000000000000056e-01 1.000000000000000056e-01
1.000000000000000021e-03 1.000000000000162651e-03 1.000000000000000021e-03 1.000000000000000021e-03 1.000000000000000021e-03 1.000000000000163302e-03 1.000000000000000021e-03 1.000000000000000021e-03 1.000000000001196546e-03 1.768819414828021741e-01 1.672854267760814084e-01 1.569613479963350433e-01 1.442007407944446706e-01 1.315589932779167581e-01 1.185932821221410971e-01 1.000000000000001166e-01 1.000000000000000056e-01 1.000000000000006162e-01
1.000000000000000021e-03 1.000000000000001756e-03 1.000000000000025391e-03 1.108398235093648780e-03 1.000000000000132077e-03 1.000000000000000021e-03 1.000000000000116464e-03 1.000000000000000021e-03 1.000000000000000021e-03 1.761224354259782188e-01 1.665530977686841829e-01 1.570361267148738527e-01 1.378415447060147569e-01 1.308627140464093674e-01 1.180100742313269085e-01 1.000000000000030864e-01 1.000000000000020872e-01 1.000000000000031419e-01
1.000000000000035583e-03 1.000000000000486177e-03 1.000000000000045557e-03 1.046709785729547449e-03 1.000000000000291021e-03 1.000000000000000021e-03 1.000000000000000021e-03 1.000000000000000021e-03 1.000000000000000021e-03 1.773728664228866048e-01 1.675619839334448469e-01 1.571412501428698094e-01 1.422212323858467742e-01 1.318403022803161795e-01 1.187590343342333488e-01 1.000000000000006717e-01 1.000000000000000056e-01 1.000000000000010186e-01
1.000000000000000021e-03 1.000000000000000021e-03 1.000000000000000021e-03 1.000000000009125317e-03 1.000000000019571605e-03 1.000000000000000021e-03 1.000000000008131971e-03 1.000000000004103726e-03 1.000000000000000021e-03 1.784122851886132122e-01 1.684813348323736526e-01 1.570948217960670690e-01 1.454472825909056410e-01 1.328111804061270496e-01 1.194668739137243058e-01 1.000000000000000056e-01 1.000000000000000056e-01 1.000000000000000056e-01
1.000000000000039919e-03 1.000000000000000021e-03 1.000000000000000021e-03 1.000000000000000021e-03 1.000000000000000021e-03 1.000000000000399658e-03 1.000000000000000021e-03 1.000000000000022139e-03 1.000000000000000021e-03 1.783904725057637308e-01 1.683403073001447647e-01 1.570846135215047401e-01 1.454942707927555923e-01 1.328551164732002243e-01 1.193261224757803524e-01 1.000000000000015737e-01 1.000000000000018097e-01 1.000000000000021844e-01
1.000000000000063772e-03 1.000000000000000021e-03 1.000000000000000021e-03 1.000000000000085022e-03 1.000000000000402910e-03 1.000000000000000021e-03 1.000000000001044975e-03 1.000000000000254808e-03 1.000000000000000021e-03 1.783028550480752483e-01 1.681131941492553794e-01 1.570191309151006409e-01 1.455007095543886519e-01 1.328619937004459350e-01 1.191160394273879514e-01 1.000000000000007272e-01 1.000000000000023370e-01 1.000000000000014627e-01
1.000000000000000021e-03 1.000000000000000021e-03 1.000000000000000021e-03 1.000000000000178264e-03 1.000000000000257194e-03 1.000000000000000021e-03 1.000000000000000021e-03 1.000000000002887468e-03 1.000000000001233409e-03 1.782005920084188677e-01 1.678433009300701051e-01 1.569516348621553536e-01 1.455163282280350634e-01 1.328640454291084849e-01 1.188654890453814117e-01 1.000000000000013656e-01 1.000000000000016848e-01 1.000000000000010880e-01
1.000000000000130776e-03 1.000000000000030812e-03 1.000000000000005659e-03 1.000000000000000021e-03 1.000000000000000021e-03 1.000000000000253724e-03 1.000000000000000021e-03 1.000000000000000021e-03 1.000000000000000021e-03 1.779879811442263149e-01 1.673147992526384797e-01 1.567924763959957779e-01 1.455207105181625660e-01 1.328680574453807717e-01 1.183793257225376899e-01 1.000000000000045158e-01 1.000000000000058759e-01 1.000000000000057648e-01
1.000000000000114946e-03 1.000000000000399224e-03 1.000000000000061387e-03 1.000000000000000021e-03 1.000000000000000021e-03 1.000000000000000021e-03 1.000000000001217363e-03 1.000000000000000021e-03 1.000000000000000021e-03 1.776542628864752338e-01 1.664888116494109283e-01 1.565423652067458316e-01 1.455256646673939169e-01 1.328725914246122464e-01 1.176199625475250060e-01 1.000000000000016986e-01 1.000000000000004358e-01 1.000000000000011158e-01
1.000000000000000021e-03 1.000000000000000021e-03 1.000000000000000021e-03 1.000000000000000021e-03 1.000000000000000021e-03 1.000000000000000021e-03 1.000000000020692887e-03 1.000000000000708222e-03 1.000000000000759396e-03 1.769727518427011981e-01 1.649051590559745262e-01 1.560282577802968584e-01 1.454829777682159486e-01 1.328334634637357570e-01 1.161761818671791929e-01 1.029445401870610621e-01 1.000000000000000056e-01 1.000000000000000056e-01
1.000000000000221198e-03 1.000000000000308802e-03 1.000000000000031463e-03 1.000000000000000021e-03 1.000000000000000021e-03 1.000000000000000021e-03 1.000000000000000021e-03 1.000000000000000021e-03 1.000000000000000021e-03 1.781217593224384277e-01 1.671117079727162114e-01 1.572598362130004646e-01 1.458346322593148392e-01 1.331556171711478775e-01 1.180944006314951222e-01 1.031164024446632188e-01 1.000000000000022815e-01 1.000000000000021011e-01
1.000000000000000021e-03 1.000000000003949769e-03 1.000000000000000021e-03 1.000000000000000021e-03 1.000000000000000021e-03 1.000000000000000021e-03 1.000000000031876432e-03 1.000000000004986267e-03 1.000000000008788780e-03 1.783897523900448978e-01 1.681446885376189360e-01 1.572610216547876139e-01 1.456468908281313424e-01 1.329836099354242129e-01 1.190750917174906026e-01 1.029955454344599480e-01 1.000000000000000056e-01 1.000000000000000056e-01
1.000000000000068326e-03 1.000000000000000021e-03 1.000000000000006960e-03 1.000000000002205939e-03 1.000000000003214680e-03 1.000000000000000021e-03 1.000000000000000021e-03 1.000000000000000021e-03 1.000000000000000021e-03 1.784582083551207177e-01 1.682962637171140641e-01 1.574197028280556465e-01 1.456876217779517479e-01 1.330208766345103433e-01 1.191763422839661468e-01 1.030349429231592062e-01 1.000000000000015599e-01 1.000000000000018097e-01
1.000000000000000021e-03 1.000000000000582671e-03 1.000000000000000021e-03 1.000000000000000021e-03 1.000000000000000021e-03 1.000000000000078300e-03 1.000000000005938847e-03 1.000000000011325380e-03 1.000000000005242138e-03 1.784522323974806202e-01 1.682524649738187383e-01 1.574215641325405202e-01 1.457239717021002468e-01 1.330541624854753580e-01 1.191099029514727931e-01 1.030813652960956006e-01 1.000000000000000056e-01 1.000000000000000056e-01
1.000000000000000021e-03 1.000000000000000021e-03 1.000000000000000021e-03 1.000000000000000021e-03 1.000000000000000021e-03 1.000000000000000021e-03 1.000000000002817212e-03 1.000000000008307178e-03 1.000000000007823190e-03 1.784873890067723290e-01 1.682150352604850074e-01 1.574093752280577851e-01 1.457314349710648604e-01 1.330609995430451775e-01 1.190567178765767342e-01 1.030861887279443806e-01 1.000000000000000056e-01 1.000000000000000056e-01
1.000000000000126872e-03 1.000000000000000021e-03 1.000000000000033848e-03 1.000000000000126872e-03 1.000000000000251989e-03 1.000000000000000021e-03 1.000000000001276127e-03 1.000000000000000021e-03 1.000000000000000021e-03 1.784871426501509206e-01 1.682838123260571028e-01 1.574212223039691827e-01 1.457143291295252829e-01 1.330453122990408743e-01 1.191178586852707083e-01 1.030806257291915495e-01 1.000000000000031974e-01 1.000000000000000056e-01
1.000000000000004141e-03 1.000000000000000021e-03 1.000000000000000021e-03 1.000000000002928017e-03 1.000000000004642575e-03 1.000000000000231390e-03 1.000000000000000021e-03 1.000000000000000021e-03 1.000000000000000021e-03 1.784853019580022182e-01 1.682816340265278487e-01 1.574312557990593664e-01 1.457481026492694898e-01 1.330762490130699138e-01 1.191035221186064752e-01 1.030901769133882317e-01 1.000000000000023648e-01 1.000000000000028921e-01
1.000000000000000021e-03 1.000000000000059218e-03 1.000000000000000021e-03 1.000000000000000021e-03 1.000000000000000021e-03 1.000000000001109593e-03 1.000000000005263389e-03 1.000000000009018631e-03 1.000000000007095040e-03 1.784814693534971242e-01 1.682838218009748699e-01 1.572756081022221031e-01 1.457559950893486111e-01 1.330832385441919896e-01 1.188576462527000527e-01 1.030091151995304599e-01 1.000000000000000056e-01 1.000000000000000056e-01
1.000000000000048593e-03 1.000000000000000021e-03 1.000000000000000021e-03 1.000000000000000021e-03 1.000000000000000021e-03 1.000000000000500705e-03 1.000000000000092612e-03 1.000000000001581872e-03 1.000000000000000021e-03 1.784873992850002367e-01 1.682902286241242384e-01 1.562503265157513810e-01 1.458000885513529299e-01 1.331220552996439932e-01 1.172304838358731449e-01 1.024797297690338560e-01 1.000000000000000056e-01 1.000000000000000056e-01
1.000000000000006526e-03 1.000000000000000021e-03 1.000000000000000021e-03 1.000000000000829219e-03 1.000000000001105040e-03 1.000000000000012814e-03 1.000000000000904462e-03 1.000000000001242083e-03 1.000000000000000021e-03 1.784873994984140233e-01 1.683148086748910421e-01 1.515681524208518371e-01 1.459976206961003942e-01 1.332958179975562152e-01 1.098109421790603307e-01 1.000584527491978210e-01 1.000000000000000056e-01 1.000000000000000056e-01
1.000000000000005876e-03 1.000000000000109308e-03 1.000000000000002623e-03 1.000000000000000021e-03 1.000000000000000021e-03 1.000000000000486177e-03 1.000000000000000021e-03 1.000000000000968647e-03 1.000000000000000021e-03 1.784873870247916661e-01 1.682840348240529360e-01 1.574199435414102843e-01 1.457512246861427940e-01 1.330790159655592664e-01 1.190181789587900774e-01 1.030816566240568277e-01 1.000000000000000056e-01 1.000000000000010325e-01
1.000000000000000021e-03 1.000000000000289069e-03 1.000000000000025825e-03 1.000000000000000021e-03 1.000000000000000021e-03 1.000000000000000021e-03 1.000000000001325350e-03 1.000000000003772611e-03 1.000000000002127009e-03 1.784873994793698404e-01 1.682838316560000269e-01 1.574198016562782798e-01 1.457537553968373256e-01 1.330809606568721382e-01 1.186810361771313549e-01 1.030666600334777250e-01 1.000000000000000056e-01 1.000000000000000056e-01
